[00:05:34] [Server thread/INFO]: veltrop570 lost connection: Timed out
[00:05:34] [Server thread/INFO]: veltrop570 left the game
[00:13:13] [User Authenticator #3/INFO]: UUID of player veltrop570 is f7ecab27-30f6-34e8-b1b9-8b611eddf8e6
[00:13:15] [Server thread/INFO]: veltrop570 joined the game
[00:13:15] [Server thread/INFO]: veltrop570[/127.25.35.13:35585] logged in with entity id 19409 at ([world]-158.30000001192093, 75.0, 769.4707964545028)
[00:27:03] [Async Chat Thread - #2/INFO]: [Not Secure] <Santix15> kiiiii
[00:30:22] [Async Chat Thread - #4/INFO]: [Not Secure] <lobo3224> murio por un creeper de la granja de XP
[00:37:07] [Server thread/INFO]: veltrop570 has made the advancement [A Terrible Fortress]
[00:37:16] [Server thread/INFO]: Santix15 has made the advancement [A Terrible Fortress]
[00:38:02] [Server thread/INFO]: veltrop570 has made the advancement [Spooky Scary Skeleton]
[00:39:03] [Server thread/INFO]: Santix15 has made the advancement [Into Fire]
[00:39:43] [Server thread/INFO]: veltrop570 has made the advancement [Into Fire]
[00:45:11] [Async Chat Thread - #6/INFO]: [Not Secure] <veltrop570> eu
[00:45:14] [Async Chat Thread - #6/INFO]: [Not Secure] <lobo3224> que
[00:45:15] [Async Chat Thread - #6/INFO]: [Not Secure] <Santix15> ?
[00:45:18] [Async Chat Thread - #6/INFO]: [Not Secure] <veltrop570> me voy a comer
[00:45:29] [Async Chat Thread - #6/INFO]: [Not Secure] <Santix15> oki doki
[00:45:34] [Server thread/INFO]: veltrop570 lost connection: Disconnected
[00:45:34] [Server thread/INFO]: veltrop570 left the game
[00:46:01] [Async Chat Thread - #6/INFO]: [Not Secure] <lobo3224> 7experience add lobo3224 1000000000 levels
[00:52:24] [Async Chat Thread - #8/INFO]: [Not Secure] <Santix15> aaaaaaaaaaaaaaaaaaaaaaaaaaaaaaaaa
[00:56:20] [User Authenticator #4/INFO]: UUID of player veltrop570 is f7ecab27-30f6-34e8-b1b9-8b611eddf8e6
[00:56:22] [Server thread/INFO]: veltrop570 joined the game
[00:56:22] [Server thread/INFO]: veltrop570[/127.25.35.13:39171] logged in with entity id 33334 at ([world_nether]-706.6931527876731, 58.0, -174.31065288268456)
[00:56:30] [Async Chat Thread - #11/INFO]: [Not Secure] <Santix15> murió peleando con un piglin
[00:56:58] [Async Chat Thread - #11/INFO]: [Not Secure] <veltrop570> murio por boludo
[00:57:31] [Server thread/INFO]: veltrop570 issued server command: /tp veltrop570 Santix15
[00:57:31] [Server thread/INFO]: [veltrop570: Teleported veltrop570 to Santix15]
[00:57:41] [Async Chat Thread - #11/INFO]: [Not Secure] <lobo3224> valen?
[00:58:02] [Async Chat Thread - #11/INFO]: [Not Secure] <Santix15> lo de la muerte era bait =)
